\BOOKMARK [1][-]{Doc-Start}{List\040of\040tables}{}% 1
\BOOKMARK [1][-]{Doc-Start}{List\040of\040figures}{}% 2
\BOOKMARK [1][-]{Doc-Start}{Listings}{}% 3
\BOOKMARK [1][-]{section*.1}{Introduction}{}% 4
\BOOKMARK [1][-]{section.1}{Field\040Activity\040Analysis}{}% 5
\BOOKMARK [2][-]{subsection.1.1}{IT\040role\040in\040data\040transparency}{section.1}% 6
\BOOKMARK [2][-]{subsection.1.2}{Open\040Government\040Data}{section.1}% 7
\BOOKMARK [2][-]{subsection.1.3}{Similar\040systems}{section.1}% 8
\BOOKMARK [1][-]{section.2}{Modeling\040and\040Designing\040the\040Information\040System}{}% 9
\BOOKMARK [2][-]{subsection.2.1}{Analysis\040of\040project}{section.2}% 10
\BOOKMARK [3][-]{subsubsection.2.1.1}{Definition\040of\040features\040for\040simple\040user\040and\040admin}{subsection.2.1}% 11
\BOOKMARK [3][-]{subsubsection.2.1.2}{Request\040for\040shortest\040paths\040between\040person\040and\040institution}{subsection.2.1}% 12
\BOOKMARK [3][-]{subsubsection.2.1.3}{Definition\040of\040class\040entities}{subsection.2.1}% 13
\BOOKMARK [2][-]{subsection.2.2}{Implementation}{section.2}% 14
\BOOKMARK [3][-]{subsubsection.2.2.1}{REST\040backend}{subsection.2.2}% 15
\BOOKMARK [3][-]{subsubsection.2.2.2}{Client\040\(browser\)}{subsection.2.2}% 16
\BOOKMARK [3][-]{subsubsection.2.2.3}{Used\040technologies}{subsection.2.2}% 17
\BOOKMARK [2][-]{subsection.2.3}{Database\040Data\040Model}{section.2}% 18
\BOOKMARK [2][-]{subsection.2.4}{Server\040Environment}{section.2}% 19
\BOOKMARK [1][-]{section.3}{Review\040of\040system\040in\040action}{}% 20
\BOOKMARK [2][-]{subsection.3.1}{Home\040page}{section.3}% 21
\BOOKMARK [2][-]{subsection.3.2}{Companies}{section.3}% 22
\BOOKMARK [2][-]{subsection.3.3}{Persons\040\(founders\040and\040owners\)}{section.3}% 23
\BOOKMARK [2][-]{subsection.3.4}{Institutions}{section.3}% 24
\BOOKMARK [2][-]{subsection.3.5}{Connections\040between\040person\040and\040institution}{section.3}% 25
\BOOKMARK [2][-]{subsection.3.6}{Complex\040relation}{section.3}% 26
\BOOKMARK [2][-]{subsection.3.7}{About}{section.3}% 27
\BOOKMARK [1][-]{section.4}{Economic\040Evaluation\040of\040the\040Project}{}% 28
\BOOKMARK [2][-]{subsection.4.1}{Project\040description}{section.4}% 29
\BOOKMARK [2][-]{subsection.4.2}{SWOT\040Analysis}{section.4}% 30
\BOOKMARK [2][-]{subsection.4.3}{Economic\040motivation}{section.4}% 31
\BOOKMARK [3][-]{subsubsection.4.3.1}{Tangible\040and\040intangible\040asset\040expenses}{subsection.4.3}% 32
\BOOKMARK [3][-]{subsubsection.4.3.2}{Salary\040expenses}{subsection.4.3}% 33
\BOOKMARK [2][-]{subsection.4.4}{Individual\040person\040salary}{section.4}% 34
\BOOKMARK [3][-]{subsubsection.4.4.1}{Indirect\040expenses}{subsection.4.4}% 35
\BOOKMARK [3][-]{subsubsection.4.4.2}{Wear\040and\040depreciation}{subsection.4.4}% 36
\BOOKMARK [3][-]{subsubsection.4.4.3}{Product\040cost}{subsection.4.4}% 37
\BOOKMARK [3][-]{subsubsection.4.4.4}{Economic\040indicators\040and\040results}{subsection.4.4}% 38
\BOOKMARK [2][-]{subsection.4.5}{Economic\040conclusions}{section.4}% 39
\BOOKMARK [1][-]{section.5}{Platform\040usage}{}% 40
\BOOKMARK [1][-]{section*.37}{Conclusions}{}% 41
\BOOKMARK [1][-]{section*.38}{References}{}% 42
